<?xml version="1.0" encoding="UTF-8"?>
<!-- Generated by org.testng.reporters.JUnitXMLReporter -->
<testsuite ignored="0" hostname="DESKTOP-GAH683G" failures="3" tests="31" name="ValidateSmokeTests" time="1167.45" errors="0" timestamp="17 Apr 2018 03:41:52 GMT">
  <testcase classname="smokeTestIE.ValidateSmokeTest" name="ValidateLogin" time="49.204"/>
  <testcase classname="smokeTestIE.ValidateSmokeTest" name="ValidateFavoriteIcon" time="78.423"/>
  <testcase classname="smokeTestIE.ValidateSmokeTest" name="ValidateSearching" time="21.909"/>
  <testcase classname="smokeTestIE.ValidateSmokeTest" name="ValidateAddToCart" time="41.39"/>
  <testcase classname="smokeTestIE.ValidateSmokeTest" name="ValidateAddTofavorites" time="4.922"/>
  <testcase classname="smokeTestIE.ValidateSmokeTest" name="ValidatePDP" time="44.329"/>
  <testcase classname="smokeTestIE.ValidateSmokeTest" name="ValidateRecentViewLink" time="36.576"/>
  <testcase classname="smokeTestIE.ValidateSmokeTest" name="ValidateFooterLogo" time="20.36"/>
  <testcase classname="smokeTestIE.ValidateSmokeTest" name="ValidateMyProfNavigation" time="49.911"/>
  <testcase classname="smokeTestIE.ValidateSmokeTest" name="ValidateHeaderLogo" time="20.603"/>
  <testcase classname="smokeTestIE.ValidateSmokeTest" name="ValidateStandardsCatalog" time="27.361"/>
  <testcase classname="smokeTestIE.ValidateSmokeTest" name="ValidateStandardsCatalogDetail" time="50.826"/>
  <testcase classname="smokeTestIE.ValidateSmokeTest" name="ValidateAllProduct" time="29.817"/>
  <testcase classname="smokeTestIE.ValidateSmokeTest" name="ValidateAudioCablesCategory" time="11.291">
    <failure type="java.lang.AssertionError" message="expected [Audio Cables - MarkITplace] but found [All Products - MarkITplace]">
      <![CDATA[java.lang.AssertionError: expected [Audio Cables - MarkITplace] but found [All Products - MarkITplace]
at smokeTestIE.ValidateSmokeTest.ValidateAudioCablesCategory(ValidateSmokeTest.java:552)
... Removed 35 stack frames]]>
    </failure>
  </testcase> <!-- ValidateAudioCablesCategory -->
  <testcase classname="smokeTestIE.ValidateSmokeTest" name="ValidateResources" time="28.967"/>
  <testcase classname="smokeTestIE.ValidateSmokeTest" name="ValidateSpecialOffer" time="19.793"/>
  <testcase classname="smokeTestIE.ValidateSmokeTest" name="ValidateCartPage" time="14.592"/>
  <testcase classname="smokeTestIE.ValidateSmokeTest" name="ValidateRemoveFromCart" time="9.151"/>
  <testcase classname="smokeTestIE.ValidateSmokeTest" name="ValidateCheckoutProcess" time="48.696"/>
  <testcase classname="smokeTestIE.ValidateSmokeTest" name="ValidateCheckoutHeaderLogo" time="22.269"/>
  <testcase classname="smokeTestIE.ValidateSmokeTest" name="ValidateCheckoutFooterLogo" time="16.506"/>
  <testcase classname="smokeTestIE.ValidateSmokeTest" name="ValidateFooterLinks" time="129.016"/>
  <testcase classname="smokeTestIE.ValidateSmokeTest" name="ValidateTrackpage" time="35.341"/>
  <testcase classname="smokeTestIE.ValidateSmokeTest" name="ValidateordersPage" time="25.023"/>
  <testcase classname="smokeTestIE.ValidateSmokeTest" name="ValidatePurchaseAnalysisPage" time="28.739"/>
  <testcase classname="smokeTestIE.ValidateSmokeTest" name="ValidatePAEmail" time="3.683"/>
  <testcase classname="smokeTestIE.ValidateSmokeTest" name="ValidateCalendarPage" time="29.584"/>
  <testcase classname="smokeTestIE.ValidateSmokeTest" name="ValidateCalendarLinks" time="60.991">
    <failure type="org.openqa.selenium.NoSuchElementException" message="Unable to find element with xpath == //a[@class=&amp;apos;tab-link&amp;apos;]
For documentation on this error, please visit: http://seleniumhq.org/exceptions/no_such_element.html
Build info: version: &amp;apos;3.11.0&amp;apos;, revision: &amp;apos;e59cfb3&amp;apos;, time: &amp;apos;2018-03-11T20:26:55.152Z&amp;apos;
System info: host: &amp;apos;DESKTOP-GAH683G&amp;apos;, ip: &amp;apos;10.0.2.15&amp;apos;, os.name: &amp;apos;Windows 10&amp;apos;, os.arch: &amp;apos;amd64&amp;apos;, os.version: &amp;apos;10.0&amp;apos;, java.version: &amp;apos;9.0.1&amp;apos;
Driver info: org.openqa.selenium.ie.InternetExplorerDriver
Capabilities {acceptInsecureCerts: false, browserName: internet explorer, browserVersion: 11, javascriptEnabled: true, pageLoadStrategy: normal, platform: WINDOWS, platformName: WINDOWS, se:ieOptions: {browserAttachTimeout: 0, elementScrollBehavior: 0, enablePersistentHover: true, ie.browserCommandLineSwitches: , ie.ensureCleanSession: false, ie.fileUploadDialogTimeout: 3000, ie.forceCreateProcessApi: false, ignoreProtectedModeSettings: false, ignoreZoomSetting: false, initialBrowserUrl: http://localhost:26126/, nativeEvents: true, requireWindowFocus: false}, setWindowRect: true}
Session ID: d186ba43-d38a-4fcf-883b-bdbf37cd6e15
*** Element info: {Using=xpath, value=//a[@class=&amp;apos;tab-link&amp;apos;]}">
      <![CDATA[org.openqa.selenium.NoSuchElementException: Unable to find element with xpath == //a[@class='tab-link']
For documentation on this error, please visit: http://seleniumhq.org/exceptions/no_such_element.html
Build info: version: '3.11.0', revision: 'e59cfb3', time: '2018-03-11T20:26:55.152Z'
System info: host: 'DESKTOP-GAH683G', ip: '10.0.2.15', os.name: 'Windows 10', os.arch: 'amd64', os.version: '10.0', java.version: '9.0.1'
Driver info: org.openqa.selenium.ie.InternetExplorerDriver
Capabilities {acceptInsecureCerts: false, browserName: internet explorer, browserVersion: 11, javascriptEnabled: true, pageLoadStrategy: normal, platform: WINDOWS, platformName: WINDOWS, se:ieOptions: {browserAttachTimeout: 0, elementScrollBehavior: 0, enablePersistentHover: true, ie.browserCommandLineSwitches: , ie.ensureCleanSession: false, ie.fileUploadDialogTimeout: 3000, ie.forceCreateProcessApi: false, ignoreProtectedModeSettings: false, ignoreZoomSetting: false, initialBrowserUrl: http://localhost:26126/, nativeEvents: true, requireWindowFocus: false}, setWindowRect: true}
Session ID: d186ba43-d38a-4fcf-883b-bdbf37cd6e15
*** Element info: {Using=xpath, value=//a[@class='tab-link']}
at org.openqa.selenium.remote.http.W3CHttpResponseCodec.createException(W3CHttpResponseCodec.java:187)
at org.openqa.selenium.remote.http.W3CHttpResponseCodec.decode(W3CHttpResponseCodec.java:122)
at org.openqa.selenium.remote.http.W3CHttpResponseCodec.decode(W3CHttpResponseCodec.java:49)
at org.openqa.selenium.remote.HttpCommandExecutor.execute(HttpCommandExecutor.java:158)
at org.openqa.selenium.remote.service.DriverCommandExecutor.execute(DriverCommandExecutor.java:83)
at org.openqa.selenium.remote.RemoteWebDriver.execute(RemoteWebDriver.java:545)
at org.openqa.selenium.remote.RemoteWebDriver.findElement(RemoteWebDriver.java:319)
at org.openqa.selenium.remote.RemoteWebDriver.findElementByXPath(RemoteWebDriver.java:421)
at org.openqa.selenium.By$ByXPath.findElement(By.java:361)
at org.openqa.selenium.remote.RemoteWebDriver.findElement(RemoteWebDriver.java:311)
at smokeTestIE.ValidateSmokeTest.ValidateCalendarLinks(ValidateSmokeTest.java:1003)
... Removed 33 stack frames]]>
    </failure>
  </testcase> <!-- ValidateCalendarLinks -->
  <testcase classname="smokeTestIE.ValidateSmokeTest" name="ValidateAllReportsLinks" time="17.819">
    <failure type="org.openqa.selenium.ElementNotInteractableException" message="Cannot click on element
Build info: version: &amp;apos;3.11.0&amp;apos;, revision: &amp;apos;e59cfb3&amp;apos;, time: &amp;apos;2018-03-11T20:26:55.152Z&amp;apos;
System info: host: &amp;apos;DESKTOP-GAH683G&amp;apos;, ip: &amp;apos;10.0.2.15&amp;apos;, os.name: &amp;apos;Windows 10&amp;apos;, os.arch: &amp;apos;amd64&amp;apos;, os.version: &amp;apos;10.0&amp;apos;, java.version: &amp;apos;9.0.1&amp;apos;
Driver info: org.openqa.selenium.ie.InternetExplorerDriver
Capabilities {acceptInsecureCerts: false, browserName: internet explorer, browserVersion: 11, javascriptEnabled: true, pageLoadStrategy: normal, platform: WINDOWS, platformName: WINDOWS, se:ieOptions: {browserAttachTimeout: 0, elementScrollBehavior: 0, enablePersistentHover: true, ie.browserCommandLineSwitches: , ie.ensureCleanSession: false, ie.fileUploadDialogTimeout: 3000, ie.forceCreateProcessApi: false, ignoreProtectedModeSettings: false, ignoreZoomSetting: false, initialBrowserUrl: http://localhost:26126/, nativeEvents: true, requireWindowFocus: false}, setWindowRect: true}
Session ID: d186ba43-d38a-4fcf-883b-bdbf37cd6e15">
      <![CDATA[org.openqa.selenium.ElementNotInteractableException: Cannot click on element
Build info: version: '3.11.0', revision: 'e59cfb3', time: '2018-03-11T20:26:55.152Z'
System info: host: 'DESKTOP-GAH683G', ip: '10.0.2.15', os.name: 'Windows 10', os.arch: 'amd64', os.version: '10.0', java.version: '9.0.1'
Driver info: org.openqa.selenium.ie.InternetExplorerDriver
Capabilities {acceptInsecureCerts: false, browserName: internet explorer, browserVersion: 11, javascriptEnabled: true, pageLoadStrategy: normal, platform: WINDOWS, platformName: WINDOWS, se:ieOptions: {browserAttachTimeout: 0, elementScrollBehavior: 0, enablePersistentHover: true, ie.browserCommandLineSwitches: , ie.ensureCleanSession: false, ie.fileUploadDialogTimeout: 3000, ie.forceCreateProcessApi: false, ignoreProtectedModeSettings: false, ignoreZoomSetting: false, initialBrowserUrl: http://localhost:26126/, nativeEvents: true, requireWindowFocus: false}, setWindowRect: true}
Session ID: d186ba43-d38a-4fcf-883b-bdbf37cd6e15
at org.openqa.selenium.remote.http.W3CHttpResponseCodec.createException(W3CHttpResponseCodec.java:187)
at org.openqa.selenium.remote.http.W3CHttpResponseCodec.decode(W3CHttpResponseCodec.java:122)
at org.openqa.selenium.remote.http.W3CHttpResponseCodec.decode(W3CHttpResponseCodec.java:49)
at org.openqa.selenium.remote.HttpCommandExecutor.execute(HttpCommandExecutor.java:158)
at org.openqa.selenium.remote.service.DriverCommandExecutor.execute(DriverCommandExecutor.java:83)
at org.openqa.selenium.remote.RemoteWebDriver.execute(RemoteWebDriver.java:545)
at org.openqa.selenium.remote.RemoteWebElement.execute(RemoteWebElement.java:279)
at org.openqa.selenium.remote.RemoteWebElement.click(RemoteWebElement.java:83)
at smokeTestIE.ValidateSmokeTest.ValidateAllReportsLinks(ValidateSmokeTest.java:1031)
... Removed 33 stack frames]]>
    </failure>
  </testcase> <!-- ValidateAllReportsLinks -->
  <testcase classname="smokeTestIE.ValidateSmokeTest" name="ValidateSavedReports" time="24.731"/>
  <testcase classname="smokeTestIE.ValidateSmokeTest" name="ValidateComparePage" time="102.825"/>
</testsuite> <!-- ValidateSmokeTests -->
