<?xml version="1.0" encoding="UTF-8"?>
<testng-results skipped="0" failed="0" ignored="8" total="31" passed="23">
  <reporter-output>
  </reporter-output>
  <suite name="Default suite" duration-ms="593860" started-at="2018-05-22T04:28:22Z" finished-at="2018-05-22T04:38:16Z">
    <groups>
    </groups>
    <test name="Default test" duration-ms="593860" started-at="2018-05-22T04:28:22Z" finished-at="2018-05-22T04:38:16Z">
      <class name="smokeTestIE.ValidateSmokeTest">
        <test-method status="PASS" signature="ValidateLogin()[pri:0, instance:smokeTestIE.ValidateSmokeTest@6af93788]" name="ValidateLogin" duration-ms="63734" started-at="2018-05-22T04:28:22Z" finished-at="2018-05-22T04:29:26Z">
          <reporter-output>
          </reporter-output>
        </test-method> <!-- ValidateLogin -->
        <test-method status="PASS" signature="ValidateFavoriteIcon()[pri:1, instance:smokeTestIE.ValidateSmokeTest@6af93788]" name="ValidateFavoriteIcon" duration-ms="51673" started-at="2018-05-22T04:29:26Z" finished-at="2018-05-22T04:30:17Z">
          <reporter-output>
          </reporter-output>
        </test-method> <!-- ValidateFavoriteIcon -->
        <test-method status="PASS" signature="ValidateSearching()[pri:2, instance:smokeTestIE.ValidateSmokeTest@6af93788]" name="ValidateSearching" duration-ms="21860" started-at="2018-05-22T04:30:17Z" finished-at="2018-05-22T04:30:39Z">
          <reporter-output>
          </reporter-output>
        </test-method> <!-- ValidateSearching -->
        <test-method status="PASS" signature="ValidatePDP()[pri:5, instance:smokeTestIE.ValidateSmokeTest@6af93788]" name="ValidatePDP" duration-ms="24063" started-at="2018-05-22T04:30:39Z" finished-at="2018-05-22T04:31:03Z">
          <reporter-output>
          </reporter-output>
        </test-method> <!-- ValidatePDP -->
        <test-method status="PASS" signature="ValidateRecentViewLink()[pri:6, instance:smokeTestIE.ValidateSmokeTest@6af93788]" name="ValidateRecentViewLink" duration-ms="20657" started-at="2018-05-22T04:31:03Z" finished-at="2018-05-22T04:31:24Z">
          <reporter-output>
          </reporter-output>
        </test-method> <!-- ValidateRecentViewLink -->
        <test-method status="PASS" signature="ValidateFooterLogo()[pri:7, instance:smokeTestIE.ValidateSmokeTest@6af93788]" name="ValidateFooterLogo" duration-ms="4046" started-at="2018-05-22T04:31:24Z" finished-at="2018-05-22T04:31:28Z">
          <reporter-output>
          </reporter-output>
        </test-method> <!-- ValidateFooterLogo -->
        <test-method status="PASS" signature="ValidateMyProfNavigation()[pri:8, instance:smokeTestIE.ValidateSmokeTest@6af93788]" name="ValidateMyProfNavigation" duration-ms="26672" started-at="2018-05-22T04:31:28Z" finished-at="2018-05-22T04:31:55Z">
          <reporter-output>
          </reporter-output>
        </test-method> <!-- ValidateMyProfNavigation -->
        <test-method status="PASS" signature="ValidateHeaderLogo()[pri:9, instance:smokeTestIE.ValidateSmokeTest@6af93788]" name="ValidateHeaderLogo" duration-ms="10422" started-at="2018-05-22T04:31:55Z" finished-at="2018-05-22T04:32:05Z">
          <reporter-output>
          </reporter-output>
        </test-method> <!-- ValidateHeaderLogo -->
        <test-method status="PASS" signature="ValidateStandardsCatalog()[pri:10, instance:smokeTestIE.ValidateSmokeTest@6af93788]" name="ValidateStandardsCatalog" duration-ms="45437" started-at="2018-05-22T04:32:05Z" finished-at="2018-05-22T04:32:51Z">
          <reporter-output>
          </reporter-output>
        </test-method> <!-- ValidateStandardsCatalog -->
        <test-method status="PASS" signature="ValidateStandardsCatalogDetail()[pri:11, instance:smokeTestIE.ValidateSmokeTest@6af93788]" name="ValidateStandardsCatalogDetail" duration-ms="16532" started-at="2018-05-22T04:32:51Z" finished-at="2018-05-22T04:33:07Z">
          <reporter-output>
          </reporter-output>
        </test-method> <!-- ValidateStandardsCatalogDetail -->
        <test-method status="PASS" signature="ValidateAllProduct()[pri:12, instance:smokeTestIE.ValidateSmokeTest@6af93788]" name="ValidateAllProduct" duration-ms="18890" started-at="2018-05-22T04:33:07Z" finished-at="2018-05-22T04:33:26Z">
          <reporter-output>
          </reporter-output>
        </test-method> <!-- ValidateAllProduct -->
        <test-method status="PASS" signature="ValidateAudioCablesCategory()[pri:13, instance:smokeTestIE.ValidateSmokeTest@6af93788]" name="ValidateAudioCablesCategory" duration-ms="24173" started-at="2018-05-22T04:33:26Z" finished-at="2018-05-22T04:33:50Z">
          <reporter-output>
          </reporter-output>
        </test-method> <!-- ValidateAudioCablesCategory -->
        <test-method status="PASS" signature="ValidateResources()[pri:14, instance:smokeTestIE.ValidateSmokeTest@6af93788]" name="ValidateResources" duration-ms="27985" started-at="2018-05-22T04:33:50Z" finished-at="2018-05-22T04:34:18Z">
          <reporter-output>
          </reporter-output>
        </test-method> <!-- ValidateResources -->
        <test-method status="PASS" signature="ValidateSpecialOffer()[pri:15, instance:smokeTestIE.ValidateSmokeTest@6af93788]" name="ValidateSpecialOffer" duration-ms="9766" started-at="2018-05-22T04:34:18Z" finished-at="2018-05-22T04:34:28Z">
          <reporter-output>
          </reporter-output>
        </test-method> <!-- ValidateSpecialOffer -->
        <test-method status="PASS" signature="ValidateCartPage()[pri:16, instance:smokeTestIE.ValidateSmokeTest@6af93788]" name="ValidateCartPage" duration-ms="5125" started-at="2018-05-22T04:34:28Z" finished-at="2018-05-22T04:34:33Z">
          <reporter-output>
          </reporter-output>
        </test-method> <!-- ValidateCartPage -->
        <test-method status="PASS" signature="ValidateFooterLinks()[pri:21, instance:smokeTestIE.ValidateSmokeTest@6af93788]" name="ValidateFooterLinks" duration-ms="56313" started-at="2018-05-22T04:34:33Z" finished-at="2018-05-22T04:35:29Z">
          <reporter-output>
          </reporter-output>
        </test-method> <!-- ValidateFooterLinks -->
        <test-method status="PASS" signature="ValidateTrackpage()[pri:22, instance:smokeTestIE.ValidateSmokeTest@6af93788]" name="ValidateTrackpage" duration-ms="31312" started-at="2018-05-22T04:35:29Z" finished-at="2018-05-22T04:36:01Z">
          <reporter-output>
          </reporter-output>
        </test-method> <!-- ValidateTrackpage -->
        <test-method status="PASS" signature="ValidateordersPage()[pri:23, instance:smokeTestIE.ValidateSmokeTest@6af93788]" name="ValidateordersPage" duration-ms="16969" started-at="2018-05-22T04:36:01Z" finished-at="2018-05-22T04:36:18Z">
          <reporter-output>
          </reporter-output>
        </test-method> <!-- ValidateordersPage -->
        <test-method status="PASS" signature="ValidatePurchaseAnalysisPage()[pri:24, instance:smokeTestIE.ValidateSmokeTest@6af93788]" name="ValidatePurchaseAnalysisPage" duration-ms="26641" started-at="2018-05-22T04:36:18Z" finished-at="2018-05-22T04:36:44Z">
          <reporter-output>
          </reporter-output>
        </test-method> <!-- ValidatePurchaseAnalysisPage -->
        <test-method status="PASS" signature="ValidatePAEmail()[pri:25, instance:smokeTestIE.ValidateSmokeTest@6af93788]" name="ValidatePAEmail" duration-ms="2785" started-at="2018-05-22T04:36:44Z" finished-at="2018-05-22T04:36:47Z">
          <reporter-output>
          </reporter-output>
        </test-method> <!-- ValidatePAEmail -->
        <test-method status="PASS" signature="ValidateCalendarPage()[pri:26, instance:smokeTestIE.ValidateSmokeTest@6af93788]" name="ValidateCalendarPage" duration-ms="18647" started-at="2018-05-22T04:36:47Z" finished-at="2018-05-22T04:37:06Z">
          <reporter-output>
          </reporter-output>
        </test-method> <!-- ValidateCalendarPage -->
        <test-method status="PASS" signature="ValidateSavedReports()[pri:29, instance:smokeTestIE.ValidateSmokeTest@6af93788]" name="ValidateSavedReports" duration-ms="22892" started-at="2018-05-22T04:37:06Z" finished-at="2018-05-22T04:37:29Z">
          <reporter-output>
          </reporter-output>
        </test-method> <!-- ValidateSavedReports -->
        <test-method status="PASS" signature="ValidateComparePage()[pri:30, instance:smokeTestIE.ValidateSmokeTest@6af93788]" name="ValidateComparePage" duration-ms="47000" started-at="2018-05-22T04:37:29Z" finished-at="2018-05-22T04:38:16Z">
          <reporter-output>
          </reporter-output>
        </test-method> <!-- ValidateComparePage -->
        <test-method status="PASS" signature="closebrowser()[pri:0, instance:smokeTestIE.ValidateSmokeTest@6af93788]" name="closebrowser" is-config="true" duration-ms="140" started-at="2018-05-22T04:38:16Z" finished-at="2018-05-22T04:38:16Z">
          <reporter-output>
          </reporter-output>
        </test-method> <!-- closebrowser -->
      </class> <!-- smokeTestIE.ValidateSmokeTest -->
    </test> <!-- Default test -->
  </suite> <!-- Default suite -->
</testng-results>
